16.12.2018 10:43:05 sql=[select * from category] 
16.12.2018 10:43:05 sql=[select * from product where cid = 1] 
16.12.2018 10:43:05 sql=[select * from product where cid = 2] 
16.12.2018 10:43:05 sql=[select * from product where cid = 3] 
16.12.2018 10:43:05 sql=[select * from product where cid = 4] 
16.12.2018 10:43:15 <!-- sql=[insert into product (cid,name)
	values ('0','aaaaaaaaaaaaaaaaa')] --> 
16.12.2018 10:43:23 sql=[select * from category] 
16.12.2018 10:43:58 sql=[select * from category] 
16.12.2018 10:43:58 sql=[select * from product where cid = 1] 
16.12.2018 10:43:58 sql=[select * from product where cid = 2] 
16.12.2018 10:43:58 sql=[select * from product where cid = 3] 
16.12.2018 10:43:58 sql=[select * from product where cid = 4] 
16.12.2018 10:44:29 sql=[select * from category] 
16.12.2018 10:44:29 sql=[select * from product where cid = 1] 
16.12.2018 10:44:29 sql=[select * from product where cid = 2] 
16.12.2018 10:44:29 sql=[select * from product where cid = 3] 
16.12.2018 10:44:29 sql=[select * from product where cid = 4] 
16.12.2018 10:44:40 <!-- sql=[insert into product_child (pid,image,name,description,price)
	values ('1',','aaaaaaaaaaaaaaaaa','aaaaaaaaaaaaaaaa','100')] --> 
16.12.2018 10:45:20 sql=[select * from category] 
16.12.2018 10:45:20 sql=[select * from product where cid = 1] 
16.12.2018 10:45:20 sql=[select * from product where cid = 2] 
16.12.2018 10:45:20 sql=[select * from product where cid = 3] 
16.12.2018 10:45:20 sql=[select * from product where cid = 4] 
16.12.2018 10:45:28 <!-- sql=[insert into product_child (pid,image,name,description,price)
	values ('2','','aaaaaaaaaaaaaaa','aaaaaaaaaaaaaaa','100')] --> 
16.12.2018 10:45:30 sql=[select * from category] 
16.12.2018 10:45:30 sql=[select * from product where cid = 1] 
16.12.2018 10:45:30 sql=[select * from product where cid = 2] 
16.12.2018 10:45:30 sql=[select * from product where cid = 3] 
16.12.2018 10:45:30 sql=[select * from product where cid = 4] 
16.12.2018 10:51:43 sql=[select * from category] 
16.12.2018 10:51:43 sql=[select * from product where cid = 1] 
16.12.2018 10:51:43 sql=[select * from product where cid = 2] 
16.12.2018 10:51:43 sql=[select * from product where cid = 3] 
16.12.2018 10:51:43 sql=[select * from product where cid = 4] 
16.12.2018 10:51:53 <!-- sql=[insert into product_child (pid,image,name,description,price)
	values ('5','','aaaaaaaaaaaaaaaaa','aaaaaaaaaaaaaaaa','100')] --> 
16.12.2018 10:51:56 sql=[select * from category] 
16.12.2018 10:51:56 sql=[select * from product where cid = 1] 
16.12.2018 10:51:56 sql=[select * from product where cid = 2] 
16.12.2018 10:51:56 sql=[select * from product where cid = 3] 
16.12.2018 10:51:56 sql=[select * from product where cid = 4] 
16.12.2018 10:52:53 sql=[select * from category] 
16.12.2018 10:52:53 sql=[select * from product where cid = 1] 
16.12.2018 10:52:53 sql=[select * from product where cid = 2] 
16.12.2018 10:52:53 sql=[select * from product where cid = 3] 
16.12.2018 10:52:53 sql=[select * from product where cid = 4] 
16.12.2018 10:53:33 sql=[select * from category] 
16.12.2018 10:53:33 sql=[select * from product where cid = 1] 
16.12.2018 10:53:33 sql=[select * from product where cid = 2] 
16.12.2018 10:53:33 sql=[select * from product where cid = 3] 
16.12.2018 10:53:33 sql=[select * from product where cid = 4] 
16.12.2018 10:53:46 <!-- sql=[insert into product_child (pid,name,description,price,image)
	values ('1','aaaaaaaaaaaaaa','aaaaaaaaaaaaaaaa','100','')] --> 
16.12.2018 10:53:48 sql=[select * from category] 
16.12.2018 10:53:48 sql=[select * from product where cid = 1] 
16.12.2018 10:53:48 sql=[select * from product where cid = 2] 
16.12.2018 10:53:48 sql=[select * from product where cid = 3] 
16.12.2018 10:53:48 sql=[select * from product where cid = 4] 
16.12.2018 10:54:42 sql=[select * from product] 
16.12.2018 10:55:04 <!-- sql=[INSERT INTO `product_child` (pid, name, price, description, image)  VALUES (	'9', 	'adasdadad', 	'100',    'aaaaaaaaa', 	'upload/16-12-2018_10-55-03.jpg' )] --> 
16.12.2018 10:55:05 sql=[select * from product] 
16.12.2018 10:59:14 sql=[select * from category] 
16.12.2018 10:59:14 sql=[select * from product where cid = 1] 
16.12.2018 10:59:14 sql=[select * from product where cid = 2] 
16.12.2018 10:59:14 sql=[select * from product where cid = 3] 
16.12.2018 10:59:14 sql=[select * from product where cid = 4] 
16.12.2018 10:59:22 <!-- sql=[insert into product_child (pid,name,description,price,image)
	values ('2','aaaaaaaaaa','aaaaaaaaaaaaa','aaaaaaaaaaaa','')] --> 
16.12.2018 10:59:26 sql=[select * from category] 
16.12.2018 10:59:26 sql=[select * from product where cid = 1] 
16.12.2018 10:59:26 sql=[select * from product where cid = 2] 
16.12.2018 10:59:26 sql=[select * from product where cid = 3] 
16.12.2018 10:59:26 sql=[select * from product where cid = 4] 
16.12.2018 10:59:39 <!-- sql=[insert into product_child (pid,name,description,price,image)
	values ('2','aaaaaaaaaaaaaaaaaa','aaaaaaaaaaa','100','')] --> 
16.12.2018 10:59:40 sql=[select * from category] 
16.12.2018 10:59:40 sql=[select * from product where cid = 1] 
16.12.2018 10:59:41 sql=[select * from product where cid = 2] 
16.12.2018 10:59:41 sql=[select * from product where cid = 3] 
16.12.2018 10:59:41 sql=[select * from product where cid = 4] 
16.12.2018 11:00:59 sql=[select * from category] 
16.12.2018 11:00:59 sql=[select * from product where cid = 1] 
16.12.2018 11:00:59 sql=[select * from product where cid = 2] 
16.12.2018 11:00:59 sql=[select * from product where cid = 3] 
16.12.2018 11:00:59 sql=[select * from product where cid = 4] 
16.12.2018 11:01:14 <!-- sql=[insert into product_child (pid,name,description,price,image)
	values ('2','aaaaaaaaaaaa','aaaaaaaaaaaa','100','')] --> 
16.12.2018 11:01:21 sql=[select * from category] 
16.12.2018 11:01:21 sql=[select * from product where cid = 1] 
16.12.2018 11:01:21 sql=[select * from product where cid = 2] 
16.12.2018 11:01:22 sql=[select * from product where cid = 3] 
16.12.2018 11:01:22 sql=[select * from product where cid = 4] 
16.12.2018 11:02:14 sql=[select * from category] 
16.12.2018 11:02:14 sql=[select * from product where cid = 1] 
16.12.2018 11:02:14 sql=[select * from product where cid = 2] 
16.12.2018 11:02:14 sql=[select * from product where cid = 3] 
16.12.2018 11:02:14 sql=[select * from product where cid = 4] 
16.12.2018 11:02:32 <!-- sql=[insert into product_child (pid,name,description,price,image)
	values ('2','Gửi em, cô gái hòa lạc','111','111111111111','upload/16-12-2018_11-02-32.png')] --> 
16.12.2018 11:02:36 sql=[select * from category] 
16.12.2018 11:02:36 sql=[select * from product where cid = 1] 
16.12.2018 11:02:36 sql=[select * from product where cid = 2] 
16.12.2018 11:02:36 sql=[select * from product where cid = 3] 
16.12.2018 11:02:36 sql=[select * from product where cid = 4] 
16.12.2018 11:02:49 <!-- sql=[insert into product_child (pid,name,description,price,image)
	values ('2','Gửi em, cô gái hòa lạc','111','111','upload/16-12-2018_11-02-49.png')] --> 
16.12.2018 11:02:51 sql=[select * from category] 
16.12.2018 11:02:51 sql=[select * from product where cid = 1] 
16.12.2018 11:02:51 sql=[select * from product where cid = 2] 
16.12.2018 11:02:51 sql=[select * from product where cid = 3] 
16.12.2018 11:02:51 sql=[select * from product where cid = 4] 
16.12.2018 11:03:13 sql=[select * from category] 
16.12.2018 11:03:13 sql=[select * from product where cid = 1] 
16.12.2018 11:03:13 sql=[select * from product where cid = 2] 
16.12.2018 11:03:14 sql=[select * from product where cid = 3] 
16.12.2018 11:03:14 sql=[select * from product where cid = 4] 
16.12.2018 11:03:34 sql=[select * from category] 
16.12.2018 11:03:34 sql=[select * from product where cid = 1] 
16.12.2018 11:03:34 sql=[select * from product where cid = 2] 
16.12.2018 11:03:34 sql=[select * from product where cid = 3] 
16.12.2018 11:03:34 sql=[select * from product where cid = 4] 
16.12.2018 11:03:35 sql=[select * from category] 
16.12.2018 11:03:37 sql=[select * from category] 
16.12.2018 11:03:39 sql=[select * from category] 
16.12.2018 11:03:40 sql=[select * from category] 
16.12.2018 11:03:40 sql=[select * from product where cid = 1] 
16.12.2018 11:03:40 sql=[select * from product where cid = 2] 
16.12.2018 11:03:40 sql=[select * from product where cid = 3] 
16.12.2018 11:03:40 sql=[select * from product where cid = 4] 
16.12.2018 11:03:46 sql=[select * from category] 
16.12.2018 11:03:46 sql=[select * from product where cid = 1] 
16.12.2018 11:03:46 sql=[select * from product where cid = 2] 
16.12.2018 11:03:46 sql=[select * from product where cid = 3] 
16.12.2018 11:03:46 sql=[select * from product where cid = 4] 
16.12.2018 11:04:01 <!-- sql=[insert into product_child (pid,name,description,price,image)
	values ('1','Gửi em, cô gái hòa lạc','aaaaaaa','111','upload/16-12-2018_11-04-01.jpg')] --> 
16.12.2018 11:04:03 sql=[select * from category] 
16.12.2018 11:04:03 sql=[select * from product where cid = 1] 
16.12.2018 11:04:03 sql=[select * from product where cid = 2] 
16.12.2018 11:04:03 sql=[select * from product where cid = 3] 
16.12.2018 11:04:03 sql=[select * from product where cid = 4] 
16.12.2018 11:04:50 sql=[select name from product where id=1] 
16.12.2018 11:04:50 sql=[select * from product] 
16.12.2018 11:04:50 sql=[select * from product_child where pid=1] 
16.12.2018 11:11:10 sql=[select name from product where id=1] 
16.12.2018 11:11:10 sql=[select * from product] 
16.12.2018 11:11:10 sql=[select * from product_child where pid=1] 
16.12.2018 11:11:31 sql=[select * from category] 
16.12.2018 11:11:36 sql=[select * from category] 
16.12.2018 11:11:39 sql=[select * from category] 
16.12.2018 11:11:50 <!-- sql=[insert into product (cid,name)
	values ('1','Cún hâm')] --> 
16.12.2018 11:11:52 sql=[select * from category] 
16.12.2018 11:11:54 sql=[select name from product where id=1] 
16.12.2018 11:11:54 sql=[select * from product] 
16.12.2018 11:11:54 sql=[select * from product_child where pid=1] 
16.12.2018 11:12:01 sql=[select * from category] 
16.12.2018 11:12:01 sql=[select * from product where cid = 1] 
16.12.2018 11:12:01 sql=[select * from product where cid = 2] 
16.12.2018 11:12:01 sql=[select * from product where cid = 3] 
16.12.2018 11:12:01 sql=[select * from product where cid = 4] 
16.12.2018 11:12:07 sql=[select name from product where id=1] 
16.12.2018 11:12:07 sql=[select * from product] 
16.12.2018 11:12:07 sql=[select * from product_child where pid=1] 
16.12.2018 11:12:10 sql=[select name from product where id=10] 
16.12.2018 11:12:10 sql=[select * from product] 
16.12.2018 11:12:10 sql=[select * from product_child where pid=10] 
16.12.2018 11:12:36 <!-- sql=[insert into product_child (pid,name,description,price,image)
	values ('10','Gửi em, cô gái hòa lạc','aaaaaaaaaaaaaaaa','100000','upload/16-12-2018_11-12-36.jpg')] --> 
16.12.2018 11:12:38 sql=[select * from category] 
16.12.2018 11:12:38 sql=[select * from product where cid = 1] 
16.12.2018 11:12:38 sql=[select * from product where cid = 2] 
16.12.2018 11:12:38 sql=[select * from product where cid = 3] 
16.12.2018 11:12:38 sql=[select * from product where cid = 4] 
16.12.2018 11:12:42 sql=[select name from product where id=10] 
16.12.2018 11:12:42 sql=[select * from product] 
16.12.2018 11:12:42 sql=[select * from product_child where pid=10] 
16.12.2018 11:15:21 sql=[select name from product where id=1] 
16.12.2018 11:15:21 sql=[select * from product] 
16.12.2018 11:15:21 sql=[select * from product_child where pid=1] 
16.12.2018 11:16:06 sql=[select name from product where id=1] 
16.12.2018 11:16:06 sql=[select * from product] 
16.12.2018 11:16:07 sql=[select * from product_child where pid=1] 
16.12.2018 11:16:28 sql=[select name from product where id=1] 
16.12.2018 11:16:28 sql=[select * from product] 
16.12.2018 11:16:28 sql=[select * from product_child where pid=1] 
16.12.2018 11:16:49 sql=[select * from category] 
16.12.2018 11:16:56 sql=[select * from category] 
16.12.2018 11:17:06 <!-- sql=[insert into product (cid,name)
	values ('1','Cún sexy')] --> 
16.12.2018 11:17:08 sql=[select * from category] 
16.12.2018 11:17:11 sql=[select name from product where id=1] 
16.12.2018 11:17:11 sql=[select * from product] 
16.12.2018 11:17:11 sql=[select * from product_child where pid=1] 
16.12.2018 11:17:20 sql=[select name from product where id=11] 
16.12.2018 11:17:21 sql=[select * from product] 
16.12.2018 11:17:21 sql=[select * from product_child where pid=11] 
16.12.2018 11:17:23 sql=[select * from category] 
16.12.2018 11:17:23 sql=[select * from product where cid = 1] 
16.12.2018 11:17:23 sql=[select * from product where cid = 2] 
16.12.2018 11:17:23 sql=[select * from product where cid = 3] 
16.12.2018 11:17:23 sql=[select * from product where cid = 4] 
16.12.2018 11:17:43 <!-- sql=[insert into product_child (pid,name,description,price,image)
	values ('11','Gửi em, cô gái hòa lạc','aaaaaaaaaaaaaaa','1000000','upload/16-12-2018_11-17-43.jpg')] --> 
16.12.2018 11:17:44 sql=[select * from category] 
16.12.2018 11:17:44 sql=[select * from product where cid = 1] 
16.12.2018 11:17:45 sql=[select * from product where cid = 2] 
16.12.2018 11:17:45 sql=[select * from product where cid = 3] 
16.12.2018 11:17:45 sql=[select * from product where cid = 4] 
16.12.2018 11:17:48 sql=[select name from product where id=11] 
16.12.2018 11:17:48 sql=[select * from product] 
16.12.2018 11:17:48 sql=[select * from product_child where pid=11] 
18.12.2018 11:33:24 sql=[select name from product where id=1] 
18.12.2018 11:33:24 Khong the select duoc,ERROR=[Table 'shop_my_pham.product' doesn't exist] 
18.12.2018 11:33:24 COUNT=[0] 
18.12.2018 11:33:24 sql=[select * from product] 
18.12.2018 11:33:24 Khong the select duoc,ERROR=[Table 'shop_my_pham.product' doesn't exist] 
18.12.2018 11:33:24 COUNT=[0] 
18.12.2018 11:33:24 sql=[select * from product_child where pid=1] 
18.12.2018 11:33:24 Khong the select duoc,ERROR=[Table 'shop_my_pham.product_child' doesn't exist] 
18.12.2018 11:33:24 COUNT=[0] 
18.12.2018 12:24:07 sql=[select name from product where id=1] 
18.12.2018 12:24:07 Khong the select duoc,ERROR=[Table 'shop_my_pham.product' doesn't exist] 
18.12.2018 12:24:07 COUNT=[0] 
18.12.2018 12:24:07 sql=[select * from product] 
18.12.2018 12:24:08 Khong the select duoc,ERROR=[Table 'shop_my_pham.product' doesn't exist] 
18.12.2018 12:24:08 COUNT=[0] 
18.12.2018 12:24:08 sql=[select * from product_child where pid=1] 
18.12.2018 12:24:08 Khong the select duoc,ERROR=[Table 'shop_my_pham.product_child' doesn't exist] 
18.12.2018 12:24:08 COUNT=[0] 
18.12.2018 01:05:15 sql=[select name from product where id=1] 
18.12.2018 01:05:15 Khong the select duoc,ERROR=[Table 'shop_my_pham.product' doesn't exist] 
18.12.2018 01:05:15 COUNT=[0] 
18.12.2018 01:05:15 sql=[select * from product] 
18.12.2018 01:05:16 Khong the select duoc,ERROR=[Table 'shop_my_pham.product' doesn't exist] 
18.12.2018 01:05:16 COUNT=[0] 
18.12.2018 01:05:16 sql=[select * from product_child where pid=1] 
18.12.2018 01:05:16 Khong the select duoc,ERROR=[Table 'shop_my_pham.product_child' doesn't exist] 
18.12.2018 01:05:16 COUNT=[0] 
18.12.2018 01:20:17 sql=[select name from product where id=1] 
18.12.2018 01:20:17 Khong the select duoc,ERROR=[Table 'shop_my_pham.product' doesn't exist] 
18.12.2018 01:20:18 COUNT=[0] 
18.12.2018 01:20:18 sql=[select * from product] 
18.12.2018 01:20:18 Khong the select duoc,ERROR=[Table 'shop_my_pham.product' doesn't exist] 
18.12.2018 01:20:18 COUNT=[0] 
18.12.2018 01:20:18 sql=[select * from product_child where pid=1] 
18.12.2018 01:20:18 Khong the select duoc,ERROR=[Table 'shop_my_pham.product_child' doesn't exist] 
18.12.2018 01:20:18 COUNT=[0] 
18.12.2018 01:20:19 sql=[select name from product where id=1] 
18.12.2018 01:20:19 Khong the select duoc,ERROR=[Table 'shop_my_pham.product' doesn't exist] 
18.12.2018 01:20:19 COUNT=[0] 
18.12.2018 01:20:19 sql=[select * from product] 
18.12.2018 01:20:19 Khong the select duoc,ERROR=[Table 'shop_my_pham.product' doesn't exist] 
18.12.2018 01:20:19 COUNT=[0] 
18.12.2018 01:20:19 sql=[select * from product_child where pid=1] 
18.12.2018 01:20:19 Khong the select duoc,ERROR=[Table 'shop_my_pham.product_child' doesn't exist] 
18.12.2018 01:20:19 COUNT=[0] 
18.12.2018 01:20:40 sql=[select name from product where id=1] 
18.12.2018 01:20:40 Khong the select duoc,ERROR=[Table 'shop_my_pham.product' doesn't exist] 
18.12.2018 01:20:40 COUNT=[0] 
18.12.2018 01:20:40 sql=[select * from product] 
18.12.2018 01:20:40 Khong the select duoc,ERROR=[Table 'shop_my_pham.product' doesn't exist] 
18.12.2018 01:20:40 COUNT=[0] 
18.12.2018 01:20:40 sql=[select * from product_child where pid=1] 
18.12.2018 01:20:40 Khong the select duoc,ERROR=[Table 'shop_my_pham.product_child' doesn't exist] 
18.12.2018 01:20:40 COUNT=[0] 
18.12.2018 01:31:18 sql=[select name from product where id=1] 
18.12.2018 01:31:19 sql=[select * from product] 
18.12.2018 01:31:19 sql=[select * from product_child where pid=1] 
18.12.2018 03:02:07 sql=[select name from product where id=1] 
18.12.2018 03:02:07 sql=[select * from product] 
18.12.2018 03:02:07 sql=[select * from product_child where pid=1] 
18.12.2018 03:02:09 sql=[select name from product where id=2] 
18.12.2018 03:02:09 sql=[select * from product] 
18.12.2018 03:02:09 sql=[select * from product_child where pid=2] 
18.12.2018 03:02:11 sql=[select name from product where id=8] 
18.12.2018 03:02:11 sql=[select * from product] 
18.12.2018 03:02:11 sql=[select * from product_child where pid=8] 
18.12.2018 03:02:13 sql=[select name from product where id=4] 
18.12.2018 03:02:13 sql=[select * from product] 
18.12.2018 03:02:13 sql=[select * from product_child where pid=4] 
18.12.2018 03:02:14 sql=[select name from product where id=5] 
18.12.2018 03:02:14 sql=[select * from product] 
18.12.2018 03:02:14 sql=[select * from product_child where pid=5] 
18.12.2018 03:02:16 sql=[select name from product where id=1] 
18.12.2018 03:02:16 sql=[select * from product] 
18.12.2018 03:02:16 sql=[select * from product_child where pid=1] 
18.12.2018 03:09:24 sql=[select * from category] 
18.12.2018 03:46:00 sql=[select * from category] 
18.12.2018 03:46:00 sql=[select * from product where cid = 1] 
18.12.2018 03:46:00 sql=[select * from product where cid = 2] 
18.12.2018 03:46:01 sql=[select * from product where cid = 3] 
18.12.2018 03:46:01 sql=[select * from product where cid = 4] 
18.12.2018 03:47:27 <!-- sql=[insert into product_child (pid,name,description,price,image)
	values ('1','Kem dưỡng','Best Seller','150.000 VNĐ','upload/18-12-2018_03-47-27.jpg')] --> 
18.12.2018 03:47:30 sql=[select * from category] 
18.12.2018 03:47:30 sql=[select * from product where cid = 1] 
18.12.2018 03:47:30 sql=[select * from product where cid = 2] 
18.12.2018 03:47:30 sql=[select * from product where cid = 3] 
18.12.2018 03:47:30 sql=[select * from product where cid = 4] 
18.12.2018 03:47:34 sql=[select name from product where id=1] 
18.12.2018 03:47:35 sql=[select * from product] 
18.12.2018 03:47:35 sql=[select * from product_child where pid=1] 
18.12.2018 03:47:37 sql=[select name from product where id=1] 
18.12.2018 03:47:37 sql=[select * from product] 
18.12.2018 03:47:37 sql=[select * from product_child where pid=1] 
18.12.2018 03:48:55 <!-- sql=[insert into product_child (pid,name,description,price,image)
	values ('1','Sữa rửa mặt nghệ','-20%','150.000 VNĐ','upload/18-12-2018_03-48-55.jpg')] --> 
18.12.2018 03:48:57 sql=[select * from category] 
18.12.2018 03:48:57 sql=[select * from product where cid = 1] 
18.12.2018 03:48:57 sql=[select * from product where cid = 2] 
18.12.2018 03:48:57 sql=[select * from product where cid = 3] 
18.12.2018 03:48:57 sql=[select * from product where cid = 4] 
18.12.2018 03:49:00 sql=[select name from product where id=1] 
18.12.2018 03:49:00 sql=[select * from product] 
18.12.2018 03:49:00 sql=[select * from product_child where pid=1] 
18.12.2018 03:49:01 sql=[select name from product where id=1] 
18.12.2018 03:49:01 sql=[select * from product] 
18.12.2018 03:49:01 sql=[select * from product_child where pid=1] 
18.12.2018 03:49:03 sql=[select name from product where id=2] 
18.12.2018 03:49:03 sql=[select * from product] 
18.12.2018 03:49:03 sql=[select * from product_child where pid=2] 
18.12.2018 03:49:04 sql=[select name from product where id=1] 
18.12.2018 03:49:04 sql=[select * from product] 
18.12.2018 03:49:04 sql=[select * from product_child where pid=1] 
18.12.2018 03:52:17 <!-- sql=[insert into product_child (pid,name,description,price,image)
	values ('1','Kem dưỡng','Best Seller','150000','upload/18-12-2018_03-52-17.jpg')] --> 
18.12.2018 03:52:20 sql=[select * from category] 
18.12.2018 03:52:20 sql=[select * from product where cid = 1] 
18.12.2018 03:52:20 sql=[select * from product where cid = 2] 
18.12.2018 03:52:20 sql=[select * from product where cid = 3] 
18.12.2018 03:52:20 sql=[select * from product where cid = 4] 
18.12.2018 03:52:22 sql=[select name from product where id=1] 
18.12.2018 03:52:22 sql=[select * from product] 
18.12.2018 03:52:22 sql=[select * from product_child where pid=1] 
18.12.2018 03:53:48 sql=[select name from product where id=1] 
18.12.2018 03:53:48 sql=[select * from product] 
18.12.2018 03:53:48 sql=[select * from product_child where pid=1] 
19.12.2018 01:18:19 sql=[select name from product where id=1] 
19.12.2018 01:18:19 sql=[select * from product] 
19.12.2018 01:18:19 sql=[select * from product_child where pid=1] 
19.12.2018 01:18:54 sql=[select name from product where id=1] 
19.12.2018 01:18:54 sql=[select * from product] 
19.12.2018 01:18:54 sql=[select * from product_child where pid=1] 
19.12.2018 01:19:01 sql=[select name from product where id=1] 
19.12.2018 01:19:02 sql=[select * from product] 
19.12.2018 01:19:02 sql=[select * from product_child where pid=1] 
19.12.2018 02:05:33 sql=[select name from product where id=1] 
19.12.2018 02:05:33 sql=[select * from product] 
19.12.2018 02:05:33 sql=[select * from product_child where pid=1] 
19.12.2018 02:05:35 sql=[select name from product where id=4] 
19.12.2018 02:05:35 sql=[select * from product] 
19.12.2018 02:05:35 sql=[select * from product_child where pid=4] 
19.12.2018 02:05:37 sql=[select name from product where id=1] 
19.12.2018 02:05:37 sql=[select * from product] 
19.12.2018 02:05:37 sql=[select * from product_child where pid=1] 
19.12.2018 02:06:50 sql=[select name from product where id=1] 
19.12.2018 02:06:50 sql=[select * from product] 
19.12.2018 02:06:50 sql=[select * from product_child where pid=1] 
19.12.2018 02:08:07 sql=[select * from category] 
19.12.2018 02:08:12 sql=[select * from category] 
19.12.2018 02:09:20 sql=[select name from product where id=1] 
19.12.2018 02:09:20 sql=[select * from product] 
19.12.2018 02:09:20 sql=[select * from product_child where pid=1] 
19.12.2018 02:17:29 sql=[select name from product where id=1] 
19.12.2018 02:17:29 sql=[select * from product] 
19.12.2018 02:17:29 sql=[select * from product_child where pid=1] 
19.12.2018 02:17:36 sql=[select name from product where id=1] 
19.12.2018 02:17:36 sql=[select * from product] 
19.12.2018 02:17:37 sql=[select * from product_child where pid=1] 
19.12.2018 02:17:41 sql=[select name from product where id=1] 
19.12.2018 02:17:41 sql=[select * from product] 
19.12.2018 02:17:41 sql=[select * from product_child where pid=1] 
19.12.2018 02:29:32 sql=[select name from product where id=1] 
19.12.2018 02:29:32 sql=[select * from product] 
19.12.2018 02:29:32 sql=[select * from product_child where pid=1] 
19.12.2018 02:29:42 sql=[select name from product where id=1] 
19.12.2018 02:29:42 sql=[select * from product] 
19.12.2018 02:29:42 sql=[select * from product_child where pid=1] 
19.12.2018 02:30:18 <!-- sql=[insert into product (cid,name)
	values ('4','nước hoa')] --> 
19.12.2018 02:30:22 sql=[select name from product where id=1] 
19.12.2018 02:30:22 sql=[select * from product] 
19.12.2018 02:30:22 sql=[select * from product_child where pid=1] 
19.12.2018 02:30:24 sql=[select name from product where id=1] 
19.12.2018 02:30:24 sql=[select * from product] 
19.12.2018 02:30:24 sql=[select * from product_child where pid=1] 
19.12.2018 02:30:33 sql=[select * from category] 
19.12.2018 02:30:43 <!-- sql=[insert into product (cid,name)
	values ('3','Chăm sóc')] --> 
19.12.2018 02:30:45 sql=[select * from category] 
19.12.2018 02:30:47 sql=[select name from product where id=1] 
19.12.2018 02:30:47 sql=[select * from product] 
19.12.2018 02:30:47 sql=[select * from product_child where pid=1] 
19.12.2018 02:35:46 sql=[select * from category] 
19.12.2018 02:35:46 sql=[select * from product where cid = 1] 
19.12.2018 02:35:46 sql=[select * from product where cid = 2] 
19.12.2018 02:35:46 sql=[select * from product where cid = 3] 
19.12.2018 02:35:46 sql=[select * from product where cid = 4] 
19.12.2018 02:35:57 sql=[select * from category] 
19.12.2018 02:36:00 sql=[select * from category] 
19.12.2018 02:36:00 sql=[select * from product where cid = 1] 
19.12.2018 02:36:00 sql=[select * from product where cid = 2] 
19.12.2018 02:36:00 sql=[select * from product where cid = 3] 
19.12.2018 02:36:00 sql=[select * from product where cid = 4] 
19.12.2018 02:47:56 <!-- sql=[insert into product (cid,name)
	values ('0','')] --> 
19.12.2018 02:48:01 sql=[select * from category] 
19.12.2018 02:48:01 sql=[select * from product where cid = 1] 
19.12.2018 02:48:01 sql=[select * from product where cid = 2] 
19.12.2018 02:48:01 sql=[select * from product where cid = 3] 
19.12.2018 02:48:01 sql=[select * from product where cid = 4] 
19.12.2018 02:56:03 sql=[select * from category] 
19.12.2018 02:56:03 sql=[select * from product where cid = 1] 
19.12.2018 02:56:03 sql=[select * from product where cid = 2] 
19.12.2018 02:56:03 sql=[select * from product where cid = 3] 
19.12.2018 02:56:03 sql=[select * from product where cid = 4] 
19.12.2018 03:18:25 sql=[select * from category] 
19.12.2018 03:18:30 sql=[select * from category] 
19.12.2018 03:18:34 sql=[select * from category] 
19.12.2018 03:18:36 sql=[select * from category] 
19.12.2018 03:18:36 sql=[select * from product where cid = 1] 
19.12.2018 03:18:36 sql=[select * from product where cid = 2] 
19.12.2018 03:18:36 sql=[select * from product where cid = 3] 
19.12.2018 03:18:36 sql=[select * from product where cid = 4] 
19.12.2018 03:23:11 sql=[select * from category] 
19.12.2018 03:23:16 sql=[select * from category] 
19.12.2018 03:23:16 sql=[select * from product where cid = 1] 
19.12.2018 03:23:16 sql=[select * from product where cid = 2] 
19.12.2018 03:23:16 sql=[select * from product where cid = 3] 
19.12.2018 03:23:16 sql=[select * from product where cid = 4] 
19.12.2018 03:27:03 <!-- sql=[insert into product_child (pid,name,description,price,image)
	values ('2','Kem chống nắng','Kem chống nắng 50%','200.000','upload/19-12-2018_03-27-03.jpg')] --> 
19.12.2018 03:27:06 sql=[select name from product where id=1] 
19.12.2018 03:27:06 sql=[select * from product] 
19.12.2018 03:27:06 sql=[select * from product_child where pid=1] 
19.12.2018 03:27:08 sql=[select name from product where id=2] 
19.12.2018 03:27:08 sql=[select * from product] 
19.12.2018 03:27:08 sql=[select * from product_child where pid=2] 
19.12.2018 03:29:31 sql=[select * from category] 
19.12.2018 03:29:31 sql=[select * from product where cid = 1] 
19.12.2018 03:29:31 sql=[select * from product where cid = 2] 
19.12.2018 03:29:31 sql=[select * from product where cid = 3] 
19.12.2018 03:29:31 sql=[select * from product where cid = 4] 
19.12.2018 05:34:39 sql=[select * from category] 
19.12.2018 05:34:39 sql=[select * from product where cid = 1] 
19.12.2018 05:34:39 sql=[select * from product where cid = 2] 
19.12.2018 05:34:39 sql=[select * from product where cid = 3] 
19.12.2018 05:34:39 sql=[select * from product where cid = 4] 
19.12.2018 05:35:13 <!-- sql=[insert into product_child (pid,name,description,price,image)
	values ('1','Dưỡng da','Dưỡng da mặt','150.000','upload/19-12-2018_05-35-13.jpg')] --> 
19.12.2018 05:35:15 sql=[select * from category] 
19.12.2018 05:35:15 sql=[select * from product where cid = 1] 
19.12.2018 05:35:15 sql=[select * from product where cid = 2] 
19.12.2018 05:35:15 sql=[select * from product where cid = 3] 
19.12.2018 05:35:15 sql=[select * from product where cid = 4] 
19.12.2018 05:35:24 sql=[select name from product where id=1] 
19.12.2018 05:35:24 sql=[select * from product] 
19.12.2018 05:35:24 sql=[select * from product_child where pid=1] 
19.12.2018 05:35:32 sql=[select name from product where id=2] 
19.12.2018 05:35:32 sql=[select * from product] 
19.12.2018 05:35:32 sql=[select * from product_child where pid=2] 
19.12.2018 05:35:37 sql=[select * from category] 
19.12.2018 05:35:38 sql=[select * from category] 
19.12.2018 05:35:38 sql=[select * from product where cid = 1] 
19.12.2018 05:35:38 sql=[select * from product where cid = 2] 
19.12.2018 05:35:38 sql=[select * from product where cid = 3] 
19.12.2018 05:35:38 sql=[select * from product where cid = 4] 
19.12.2018 06:01:55 <!-- sql=[insert into product_child (pid,name,description,price,image)
	values ('2','Kem dưỡng','kem','150.000','upload/19-12-2018_06-01-55.jpg')] --> 
19.12.2018 06:01:58 sql=[select * from category] 
19.12.2018 06:01:58 sql=[select * from product where cid = 1] 
19.12.2018 06:01:58 sql=[select * from product where cid = 2] 
19.12.2018 06:01:58 sql=[select * from product where cid = 3] 
19.12.2018 06:01:58 sql=[select * from product where cid = 4] 
19.12.2018 06:02:01 sql=[select name from product where id=2] 
19.12.2018 06:02:01 sql=[select * from product] 
19.12.2018 06:02:01 sql=[select * from product_child where pid=2] 
19.12.2018 06:02:35 <!-- sql=[insert into product_child (pid,name,description,price,image)
	values ('1','Dưỡng hoa đào','Làm từ hoa đào','150.000','upload/19-12-2018_06-02-35.jpg')] --> 
19.12.2018 06:02:37 sql=[select * from category] 
19.12.2018 06:02:37 sql=[select * from product where cid = 1] 
19.12.2018 06:02:37 sql=[select * from product where cid = 2] 
19.12.2018 06:02:37 sql=[select * from product where cid = 3] 
19.12.2018 06:02:37 sql=[select * from product where cid = 4] 
19.12.2018 06:02:39 sql=[select name from product where id=2] 
19.12.2018 06:02:39 sql=[select * from product] 
19.12.2018 06:02:39 sql=[select * from product_child where pid=2] 
19.12.2018 06:02:40 sql=[select name from product where id=1] 
19.12.2018 06:02:40 sql=[select * from product] 
19.12.2018 06:02:40 sql=[select * from product_child where pid=1] 
19.12.2018 06:03:15 <!-- sql=[insert into product_child (pid,name,description,price,image)
	values ('1','Toner','Toner cấp ẩm','150.000','upload/19-12-2018_06-03-15.jpg')] --> 
19.12.2018 06:03:19 sql=[select name from product where id=1] 
19.12.2018 06:03:19 sql=[select * from product] 
19.12.2018 06:03:19 sql=[select * from product_child where pid=1] 
19.12.2018 06:03:23 sql=[select * from category] 
19.12.2018 06:03:23 sql=[select * from product where cid = 1] 
19.12.2018 06:03:23 sql=[select * from product where cid = 2] 
19.12.2018 06:03:23 sql=[select * from product where cid = 3] 
19.12.2018 06:03:23 sql=[select * from product where cid = 4] 
19.12.2018 06:03:51 <!-- sql=[insert into product_child (pid,name,description,price,image)
	values ('4','Sữa tắm','Sữa tắm làm từ','200.000','upload/19-12-2018_06-03-51.jpg')] --> 
19.12.2018 06:03:54 sql=[select name from product where id=1] 
19.12.2018 06:03:54 sql=[select * from product] 
19.12.2018 06:03:54 sql=[select * from product_child where pid=1] 
19.12.2018 06:03:55 sql=[select name from product where id=4] 
19.12.2018 06:03:55 sql=[select * from product] 
19.12.2018 06:03:55 sql=[select * from product_child where pid=4] 
19.12.2018 06:03:58 sql=[select * from category] 
19.12.2018 06:03:58 sql=[select * from product where cid = 1] 
19.12.2018 06:03:58 sql=[select * from product where cid = 2] 
19.12.2018 06:03:58 sql=[select * from product where cid = 3] 
19.12.2018 06:03:58 sql=[select * from product where cid = 4] 
19.12.2018 06:04:25 <!-- sql=[insert into product_child (pid,name,description,price,image)
	values ('4','Sữa tắm lựu','Làm từ lựu','150.000','upload/19-12-2018_06-04-25.jpg')] --> 
19.12.2018 06:04:27 sql=[select * from category] 
19.12.2018 06:04:27 sql=[select * from product where cid = 1] 
19.12.2018 06:04:27 sql=[select * from product where cid = 2] 
19.12.2018 06:04:27 sql=[select * from product where cid = 3] 
19.12.2018 06:04:27 sql=[select * from product where cid = 4] 
19.12.2018 06:04:31 sql=[select name from product where id=4] 
19.12.2018 06:04:31 sql=[select * from product] 
19.12.2018 06:04:31 sql=[select * from product_child where pid=4] 
19.12.2018 06:04:34 sql=[select name from product where id=1] 
19.12.2018 06:04:34 sql=[select * from product] 
19.12.2018 06:04:34 sql=[select * from product_child where pid=1] 
20.12.2018 02:48:47 sql=[select name from product where id=1] 
20.12.2018 02:48:47 sql=[select * from product] 
20.12.2018 02:48:47 sql=[select * from product_child where pid=1] 
20.12.2018 02:48:59 sql=[select name from product where id=2] 
20.12.2018 02:48:59 sql=[select * from product] 
20.12.2018 02:48:59 sql=[select * from product_child where pid=2] 
20.12.2018 02:49:01 sql=[select name from product where id=8] 
20.12.2018 02:49:02 sql=[select * from product] 
20.12.2018 02:49:02 sql=[select * from product_child where pid=8] 
20.12.2018 02:49:04 sql=[select name from product where id=4] 
20.12.2018 02:49:04 sql=[select * from product] 
20.12.2018 02:49:04 sql=[select * from product_child where pid=4] 
20.12.2018 02:49:39 sql=[select name from product where id=6] 
20.12.2018 02:49:39 sql=[select * from product] 
20.12.2018 02:49:39 sql=[select * from product_child where pid=6] 
20.12.2018 02:49:41 sql=[select name from product where id=7] 
20.12.2018 02:49:41 sql=[select * from product] 
20.12.2018 02:49:41 sql=[select * from product_child where pid=7] 
20.12.2018 03:26:20 <!-- sql=[insert into product (cid,name)
	values ('0','')] --> 
20.12.2018 03:26:26 sql=[select * from category] 
20.12.2018 03:26:56 sql=[select * from category] 
20.12.2018 03:31:15 sql=[select * from category] 
20.12.2018 03:31:25 sql=[select * from category] 
20.12.2018 03:31:35 sql=[select * from category] 
20.12.2018 03:31:39 sql=[select * from category] 
20.12.2018 03:32:04 sql=[select * from category] 
20.12.2018 03:32:09 sql=[select * from category] 
20.12.2018 03:32:12 sql=[select * from category] 
20.12.2018 03:33:59 sql=[select * from category] 
20.12.2018 05:07:53 sql=[select * from category] 
20.12.2018 05:07:53 sql=[select * from product where cid = 1] 
20.12.2018 05:07:53 sql=[select * from product where cid = 2] 
20.12.2018 05:07:53 sql=[select * from product where cid = 3] 
20.12.2018 05:07:53 sql=[select * from product where cid = 4] 
20.12.2018 05:08:25 sql=[select * from category] 
20.12.2018 05:08:25 sql=[select * from product where cid = 1] 
20.12.2018 05:08:25 sql=[select * from product where cid = 2] 
20.12.2018 05:08:25 sql=[select * from product where cid = 3] 
20.12.2018 05:08:25 sql=[select * from product where cid = 4] 
20.12.2018 05:08:26 sql=[select * from category] 
20.12.2018 05:08:26 sql=[select * from product where cid = 1] 
20.12.2018 05:08:26 sql=[select * from product where cid = 2] 
20.12.2018 05:08:26 sql=[select * from product where cid = 3] 
20.12.2018 05:08:26 sql=[select * from product where cid = 4] 
20.12.2018 05:08:30 sql=[select * from category] 
20.12.2018 05:08:30 sql=[select * from product where cid = 1] 
20.12.2018 05:08:30 sql=[select * from product where cid = 2] 
20.12.2018 05:08:30 sql=[select * from product where cid = 3] 
20.12.2018 05:08:30 sql=[select * from product where cid = 4] 
20.12.2018 05:08:30 sql=[select * from category] 
20.12.2018 05:08:30 sql=[select * from product where cid = 1] 
20.12.2018 05:08:30 sql=[select * from product where cid = 2] 
20.12.2018 05:08:30 sql=[select * from product where cid = 3] 
20.12.2018 05:08:31 sql=[select * from product where cid = 4] 
20.12.2018 05:08:31 sql=[select * from category] 
20.12.2018 05:08:31 sql=[select * from product where cid = 1] 
20.12.2018 05:08:31 sql=[select * from product where cid = 2] 
20.12.2018 05:08:31 sql=[select * from product where cid = 3] 
20.12.2018 05:08:31 sql=[select * from product where cid = 4] 
